<?xml version="1.0" encoding="UTF-8"?>
<testsuite name="com.mindex.challenge.service.impl.ReportingStructureServiceImplTest" tests="2" skipped="0" failures="0" errors="0" timestamp="2022-01-05T23:17:41" hostname="PCGAME" time="0.036">
  <properties/>
  <testcase name="testRead" classname="com.mindex.challenge.service.impl.ReportingStructureServiceImplTest" time="0.011"/>
  <testcase name="testFindNumberOfReports" classname="com.mindex.challenge.service.impl.ReportingStructureServiceImplTest" time="0.025"/>
  <system-out><![CDATA[2022-01-05 18:17:41.970  INFO 39000 --- [    Test worker] .b.t.c.SpringBootTestContextBootstrapper : Neither @ContextConfiguration nor @ContextHierarchy found for test class [com.mindex.challenge.service.impl.ReportingStructureServiceImplTest], using SpringBootContextLoader
2022-01-05 18:17:41.971  INFO 39000 --- [    Test worker] o.s.t.c.support.AbstractContextLoader    : Could not detect default resource locations for test class [com.mindex.challenge.service.impl.ReportingStructureServiceImplTest]: no resource found for suffixes {-context.xml, Context.groovy}.
2022-01-05 18:17:41.971  INFO 39000 --- [    Test worker] t.c.s.AnnotationConfigContextLoaderUtils : Could not detect default configuration classes for test class [com.mindex.challenge.service.impl.ReportingStructureServiceImplTest]: ReportingStructureServiceImplTest does not declare any static, non-private, non-final, nested classes annotated with @Configuration.
2022-01-05 18:17:41.973  INFO 39000 --- [    Test worker] .b.t.c.SpringBootTestContextBootstrapper : Found @SpringBootConfiguration com.mindex.challenge.ChallengeApplication for test class com.mindex.challenge.service.impl.ReportingStructureServiceImplTest
2022-01-05 18:17:41.974  INFO 39000 --- [    Test worker] .b.t.c.SpringBootTestContextBootstrapper : Loaded default TestExecutionListener class names from location [META-INF/spring.factories]: [org.springframework.boot.test.autoconfigure.restdocs.RestDocsTestExecutionListener, org.springframework.boot.test.autoconfigure.web.client.MockRestServiceServerResetTestExecutionListener, org.springframework.boot.test.autoconfigure.web.servlet.MockMvcPrintOnlyOnFailureTestExecutionListener, org.springframework.boot.test.autoconfigure.web.servlet.WebDriverTestExecutionListener, org.springframework.boot.test.mock.mockito.MockitoTestExecutionListener, org.springframework.boot.test.mock.mockito.ResetMocksTestExecutionListener, org.springframework.test.context.web.ServletTestExecutionListener, org.springframework.test.context.support.DirtiesContextBeforeModesTestExecutionListener, org.springframework.test.context.support.DependencyInjectionTestExecutionListener, org.springframework.test.context.support.DirtiesContextTestExecutionListener, org.springframework.test.context.transaction.TransactionalTestExecutionListener, org.springframework.test.context.jdbc.SqlScriptsTestExecutionListener, org.springframework.test.context.event.EventPublishingTestExecutionListener]
2022-01-05 18:17:41.974  INFO 39000 --- [    Test worker] .b.t.c.SpringBootTestContextBootstrapper : Using TestExecutionListeners: [org.springframework.test.context.web.ServletTestExecutionListener@108f4c14, org.springframework.test.context.support.DirtiesContextBeforeModesTestExecutionListener@16807f5d, org.springframework.boot.test.mock.mockito.MockitoTestExecutionListener@7ea1a963, org.springframework.boot.test.autoconfigure.SpringBootDependencyInjectionTestExecutionListener@52ecda93, org.springframework.test.context.support.DirtiesContextTestExecutionListener@3869d336, org.springframework.test.context.transaction.TransactionalTestExecutionListener@2d8639f1, org.springframework.test.context.jdbc.SqlScriptsTestExecutionListener@5e9f7793, org.springframework.test.context.event.EventPublishingTestExecutionListener@6a930691, org.springframework.boot.test.autoconfigure.restdocs.RestDocsTestExecutionListener@1c159896, org.springframework.boot.test.autoconfigure.web.client.MockRestServiceServerResetTestExecutionListener@c06354, org.springframework.boot.test.autoconfigure.web.servlet.MockMvcPrintOnlyOnFailureTestExecutionListener@2546bf30, org.springframework.boot.test.autoconfigure.web.servlet.WebDriverTestExecutionListener@57139287, org.springframework.boot.test.mock.mockito.ResetMocksTestExecutionListener@677271db]
2022-01-05 18:17:41.979 DEBUG 39000 --- [o-auto-1-exec-7] c.m.c.controller.EmployeeController      : Received employee create request for id [62c1084e-6e34-4630-93fd-9153afb65309]
2022-01-05 18:17:41.979 DEBUG 39000 --- [o-auto-1-exec-7] c.m.c.service.impl.EmployeeServiceImpl   : Creating employee with id [62c1084e-6e34-4630-93fd-9153afb65309]
2022-01-05 18:17:41.983 DEBUG 39000 --- [o-auto-1-exec-8] c.m.c.c.ReportingStructureController     : Received reporting structure create request for id [62c1084e-6e34-4630-93fd-9153afb65309]
2022-01-05 18:17:41.983 DEBUG 39000 --- [o-auto-1-exec-8] c.m.c.s.i.ReportingStructureServiceImpl  : Creating employee's reporting structure with id [62c1084e-6e34-4630-93fd-9153afb65309]
2022-01-05 18:17:41.990 DEBUG 39000 --- [o-auto-1-exec-9] c.m.c.c.ReportingStructureController     : Received reporting structure create request for id [03aa1462-ffa9-4978-901b-7c001562cf6f]
2022-01-05 18:17:41.991 DEBUG 39000 --- [o-auto-1-exec-9] c.m.c.s.i.ReportingStructureServiceImpl  : Creating employee's reporting structure with id [03aa1462-ffa9-4978-901b-7c001562cf6f]
2022-01-05 18:17:41.997 DEBUG 39000 --- [-auto-1-exec-10] c.m.c.c.ReportingStructureController     : Received reporting structure create request for id [16a596ae-edd3-4847-99fe-c4518e82c86f]
2022-01-05 18:17:41.997 DEBUG 39000 --- [-auto-1-exec-10] c.m.c.s.i.ReportingStructureServiceImpl  : Creating employee's reporting structure with id [16a596ae-edd3-4847-99fe-c4518e82c86f]
2022-01-05 18:17:42.007 DEBUG 39000 --- [o-auto-1-exec-1] c.m.c.controller.EmployeeController      : Received employee create request for id [62c1084e-6e34-4630-93fd-9153afb65309]
2022-01-05 18:17:42.007 DEBUG 39000 --- [o-auto-1-exec-1] c.m.c.service.impl.EmployeeServiceImpl   : Creating employee with id [62c1084e-6e34-4630-93fd-9153afb65309]
2022-01-05 18:17:42.010 DEBUG 39000 --- [o-auto-1-exec-2] c.m.c.c.ReportingStructureController     : Received reporting structure create request for id [62c1084e-6e34-4630-93fd-9153afb65309]
2022-01-05 18:17:42.010 DEBUG 39000 --- [o-auto-1-exec-2] c.m.c.s.i.ReportingStructureServiceImpl  : Creating employee's reporting structure with id [62c1084e-6e34-4630-93fd-9153afb65309]
]]></system-out>
  <system-err><![CDATA[]]></system-err>
</testsuite>
