<?xml version="1.0" encoding="UTF-8"?>
<testsuite name="com.mindex.challenge.DataBootstrapTest" tests="1" skipped="0" failures="0" errors="0" timestamp="2022-01-05T18:52:54" hostname="PCGAME" time="0.026">
  <properties/>
  <testcase name="test" classname="com.mindex.challenge.DataBootstrapTest" time="0.026"/>
  <system-out><![CDATA[2022-01-05 13:52:54.794  INFO 20880 --- [    Test worker] .b.t.c.SpringBootTestContextBootstrapper : Neither @ContextConfiguration nor @ContextHierarchy found for test class [com.mindex.challenge.DataBootstrapTest], using SpringBootContextLoader
2022-01-05 13:52:54.795  INFO 20880 --- [    Test worker] o.s.t.c.support.AbstractContextLoader    : Could not detect default resource locations for test class [com.mindex.challenge.DataBootstrapTest]: no resource found for suffixes {-context.xml, Context.groovy}.
2022-01-05 13:52:54.795  INFO 20880 --- [    Test worker] t.c.s.AnnotationConfigContextLoaderUtils : Could not detect default configuration classes for test class [com.mindex.challenge.DataBootstrapTest]: DataBootstrapTest does not declare any static, non-private, non-final, nested classes annotated with @Configuration.
2022-01-05 13:52:54.796  INFO 20880 --- [    Test worker] .b.t.c.SpringBootTestContextBootstrapper : Found @SpringBootConfiguration com.mindex.challenge.ChallengeApplication for test class com.mindex.challenge.DataBootstrapTest
2022-01-05 13:52:54.797  INFO 20880 --- [    Test worker] .b.t.c.SpringBootTestContextBootstrapper : Loaded default TestExecutionListener class names from location [META-INF/spring.factories]: [org.springframework.boot.test.autoconfigure.restdocs.RestDocsTestExecutionListener, org.springframework.boot.test.autoconfigure.web.client.MockRestServiceServerResetTestExecutionListener, org.springframework.boot.test.autoconfigure.web.servlet.MockMvcPrintOnlyOnFailureTestExecutionListener, org.springframework.boot.test.autoconfigure.web.servlet.WebDriverTestExecutionListener, org.springframework.boot.test.mock.mockito.MockitoTestExecutionListener, org.springframework.boot.test.mock.mockito.ResetMocksTestExecutionListener, org.springframework.test.context.web.ServletTestExecutionListener, org.springframework.test.context.support.DirtiesContextBeforeModesTestExecutionListener, org.springframework.test.context.support.DependencyInjectionTestExecutionListener, org.springframework.test.context.support.DirtiesContextTestExecutionListener, org.springframework.test.context.transaction.TransactionalTestExecutionListener, org.springframework.test.context.jdbc.SqlScriptsTestExecutionListener, org.springframework.test.context.event.EventPublishingTestExecutionListener]
2022-01-05 13:52:54.797  INFO 20880 --- [    Test worker] .b.t.c.SpringBootTestContextBootstrapper : Using TestExecutionListeners: [org.springframework.test.context.web.ServletTestExecutionListener@79fa9fe6, org.springframework.test.context.support.DirtiesContextBeforeModesTestExecutionListener@765719aa, org.springframework.boot.test.mock.mockito.MockitoTestExecutionListener@d6ad6c6, org.springframework.boot.test.autoconfigure.SpringBootDependencyInjectionTestExecutionListener@a76aefe, org.springframework.test.context.support.DirtiesContextTestExecutionListener@275e15f9, org.springframework.test.context.transaction.TransactionalTestExecutionListener@690ad2f1, org.springframework.test.context.jdbc.SqlScriptsTestExecutionListener@320de5f0, org.springframework.test.context.event.EventPublishingTestExecutionListener@d33ac11, org.springframework.boot.test.autoconfigure.restdocs.RestDocsTestExecutionListener@5a959193, org.springframework.boot.test.autoconfigure.web.client.MockRestServiceServerResetTestExecutionListener@65374d6a, org.springframework.boot.test.autoconfigure.web.servlet.MockMvcPrintOnlyOnFailureTestExecutionListener@38c81659, org.springframework.boot.test.autoconfigure.web.servlet.WebDriverTestExecutionListener@288b6675, org.springframework.boot.test.mock.mockito.ResetMocksTestExecutionListener@5ee473fe]
]]></system-out>
  <system-err><![CDATA[]]></system-err>
</testsuite>
