<?xml version="1.0" encoding="UTF-8"?>
<testsuite name="com.mindex.challenge.service.impl.EmployeeServiceImplTest" tests="1" skipped="0" failures="0" errors="0" timestamp="2022-01-05T23:17:41" hostname="PCGAME" time="0.023">
  <properties/>
  <testcase name="testCreateReadUpdate" classname="com.mindex.challenge.service.impl.EmployeeServiceImplTest" time="0.023"/>
  <system-out><![CDATA[2022-01-05 18:17:41.938  INFO 39000 --- [    Test worker] .b.t.c.SpringBootTestContextBootstrapper : Neither @ContextConfiguration nor @ContextHierarchy found for test class [com.mindex.challenge.service.impl.EmployeeServiceImplTest], using SpringBootContextLoader
2022-01-05 18:17:41.939  INFO 39000 --- [    Test worker] o.s.t.c.support.AbstractContextLoader    : Could not detect default resource locations for test class [com.mindex.challenge.service.impl.EmployeeServiceImplTest]: no resource found for suffixes {-context.xml, Context.groovy}.
2022-01-05 18:17:41.939  INFO 39000 --- [    Test worker] t.c.s.AnnotationConfigContextLoaderUtils : Could not detect default configuration classes for test class [com.mindex.challenge.service.impl.EmployeeServiceImplTest]: EmployeeServiceImplTest does not declare any static, non-private, non-final, nested classes annotated with @Configuration.
2022-01-05 18:17:41.942  INFO 39000 --- [    Test worker] .b.t.c.SpringBootTestContextBootstrapper : Found @SpringBootConfiguration com.mindex.challenge.ChallengeApplication for test class com.mindex.challenge.service.impl.EmployeeServiceImplTest
2022-01-05 18:17:41.943  INFO 39000 --- [    Test worker] .b.t.c.SpringBootTestContextBootstrapper : Loaded default TestExecutionListener class names from location [META-INF/spring.factories]: [org.springframework.boot.test.autoconfigure.restdocs.RestDocsTestExecutionListener, org.springframework.boot.test.autoconfigure.web.client.MockRestServiceServerResetTestExecutionListener, org.springframework.boot.test.autoconfigure.web.servlet.MockMvcPrintOnlyOnFailureTestExecutionListener, org.springframework.boot.test.autoconfigure.web.servlet.WebDriverTestExecutionListener, org.springframework.boot.test.mock.mockito.MockitoTestExecutionListener, org.springframework.boot.test.mock.mockito.ResetMocksTestExecutionListener, org.springframework.test.context.web.ServletTestExecutionListener, org.springframework.test.context.support.DirtiesContextBeforeModesTestExecutionListener, org.springframework.test.context.support.DependencyInjectionTestExecutionListener, org.springframework.test.context.support.DirtiesContextTestExecutionListener, org.springframework.test.context.transaction.TransactionalTestExecutionListener, org.springframework.test.context.jdbc.SqlScriptsTestExecutionListener, org.springframework.test.context.event.EventPublishingTestExecutionListener]
2022-01-05 18:17:41.943  INFO 39000 --- [    Test worker] .b.t.c.SpringBootTestContextBootstrapper : Using TestExecutionListeners: [org.springframework.test.context.web.ServletTestExecutionListener@438455fd, org.springframework.test.context.support.DirtiesContextBeforeModesTestExecutionListener@7c5dcd58, org.springframework.boot.test.mock.mockito.MockitoTestExecutionListener@6031fcd2, org.springframework.boot.test.autoconfigure.SpringBootDependencyInjectionTestExecutionListener@79f08906, org.springframework.test.context.support.DirtiesContextTestExecutionListener@18ba0078, org.springframework.test.context.transaction.TransactionalTestExecutionListener@a9f293a, org.springframework.test.context.jdbc.SqlScriptsTestExecutionListener@652783d7, org.springframework.test.context.event.EventPublishingTestExecutionListener@18e29ecc, org.springframework.boot.test.autoconfigure.restdocs.RestDocsTestExecutionListener@5013f468, org.springframework.boot.test.autoconfigure.web.client.MockRestServiceServerResetTestExecutionListener@23b6c1a9, org.springframework.boot.test.autoconfigure.web.servlet.MockMvcPrintOnlyOnFailureTestExecutionListener@7a56d733, org.springframework.boot.test.autoconfigure.web.servlet.WebDriverTestExecutionListener@76ce324b, org.springframework.boot.test.mock.mockito.ResetMocksTestExecutionListener@3931284e]
2022-01-05 18:17:41.955 DEBUG 39000 --- [o-auto-1-exec-4] c.m.c.controller.EmployeeController      : Received employee create request for [com.mindex.challenge.data.Employee@3d9e4db5]
2022-01-05 18:17:41.956 DEBUG 39000 --- [o-auto-1-exec-4] c.m.c.service.impl.EmployeeServiceImpl   : Creating employee [com.mindex.challenge.data.Employee@3d9e4db5]
2022-01-05 18:17:41.960 DEBUG 39000 --- [o-auto-1-exec-5] c.m.c.controller.EmployeeController      : Received employee create request for id [c3dbcdab-de70-4944-a1ef-2da146cb1a2d]
2022-01-05 18:17:41.960 DEBUG 39000 --- [o-auto-1-exec-5] c.m.c.service.impl.EmployeeServiceImpl   : Creating employee with id [c3dbcdab-de70-4944-a1ef-2da146cb1a2d]
2022-01-05 18:17:41.965 DEBUG 39000 --- [o-auto-1-exec-6] c.m.c.controller.EmployeeController      : Received employee create request for id [c3dbcdab-de70-4944-a1ef-2da146cb1a2d] and employee [com.mindex.challenge.data.Employee@485619a7]
2022-01-05 18:17:41.965 DEBUG 39000 --- [o-auto-1-exec-6] c.m.c.service.impl.EmployeeServiceImpl   : Updating employee [com.mindex.challenge.data.Employee@485619a7]
]]></system-out>
  <system-err><![CDATA[]]></system-err>
</testsuite>
