<?xml version="1.0" encoding="UTF-8"?>
<testsuite name="com.mindex.challenge.service.impl.CompensationServiceImplTest" tests="1" skipped="0" failures="0" errors="0" timestamp="2022-01-05T23:17:41" hostname="PCGAME" time="0.204">
  <properties/>
  <testcase name="testCreateRead" classname="com.mindex.challenge.service.impl.CompensationServiceImplTest" time="0.204"/>
  <system-out><![CDATA[2022-01-05 18:17:40.941  INFO 39000 --- [    Test worker] .b.t.c.SpringBootTestContextBootstrapper : Neither @ContextConfiguration nor @ContextHierarchy found for test class [com.mindex.challenge.service.impl.CompensationServiceImplTest], using SpringBootContextLoader
2022-01-05 18:17:40.942  INFO 39000 --- [    Test worker] o.s.t.c.support.AbstractContextLoader    : Could not detect default resource locations for test class [com.mindex.challenge.service.impl.CompensationServiceImplTest]: no resource found for suffixes {-context.xml, Context.groovy}.
2022-01-05 18:17:40.942  INFO 39000 --- [    Test worker] t.c.s.AnnotationConfigContextLoaderUtils : Could not detect default configuration classes for test class [com.mindex.challenge.service.impl.CompensationServiceImplTest]: CompensationServiceImplTest does not declare any static, non-private, non-final, nested classes annotated with @Configuration.
2022-01-05 18:17:40.953  INFO 39000 --- [    Test worker] .b.t.c.SpringBootTestContextBootstrapper : Found @SpringBootConfiguration com.mindex.challenge.ChallengeApplication for test class com.mindex.challenge.service.impl.CompensationServiceImplTest
2022-01-05 18:17:40.954  INFO 39000 --- [    Test worker] .b.t.c.SpringBootTestContextBootstrapper : Loaded default TestExecutionListener class names from location [META-INF/spring.factories]: [org.springframework.boot.test.autoconfigure.restdocs.RestDocsTestExecutionListener, org.springframework.boot.test.autoconfigure.web.client.MockRestServiceServerResetTestExecutionListener, org.springframework.boot.test.autoconfigure.web.servlet.MockMvcPrintOnlyOnFailureTestExecutionListener, org.springframework.boot.test.autoconfigure.web.servlet.WebDriverTestExecutionListener, org.springframework.boot.test.mock.mockito.MockitoTestExecutionListener, org.springframework.boot.test.mock.mockito.ResetMocksTestExecutionListener, org.springframework.test.context.web.ServletTestExecutionListener, org.springframework.test.context.support.DirtiesContextBeforeModesTestExecutionListener, org.springframework.test.context.support.DependencyInjectionTestExecutionListener, org.springframework.test.context.support.DirtiesContextTestExecutionListener, org.springframework.test.context.transaction.TransactionalTestExecutionListener, org.springframework.test.context.jdbc.SqlScriptsTestExecutionListener, org.springframework.test.context.event.EventPublishingTestExecutionListener]
2022-01-05 18:17:40.954  INFO 39000 --- [    Test worker] .b.t.c.SpringBootTestContextBootstrapper : Using TestExecutionListeners: [org.springframework.test.context.web.ServletTestExecutionListener@665394ef, org.springframework.test.context.support.DirtiesContextBeforeModesTestExecutionListener@406b7856, org.springframework.boot.test.mock.mockito.MockitoTestExecutionListener@50821f0, org.springframework.boot.test.autoconfigure.SpringBootDependencyInjectionTestExecutionListener@28cb137c, org.springframework.test.context.support.DirtiesContextTestExecutionListener@52451e66, org.springframework.test.context.transaction.TransactionalTestExecutionListener@497765b0, org.springframework.test.context.jdbc.SqlScriptsTestExecutionListener@db4cacf, org.springframework.test.context.event.EventPublishingTestExecutionListener@7d1478f6, org.springframework.boot.test.autoconfigure.restdocs.RestDocsTestExecutionListener@758ef1c, org.springframework.boot.test.autoconfigure.web.client.MockRestServiceServerResetTestExecutionListener@75f040a2, org.springframework.boot.test.autoconfigure.web.servlet.MockMvcPrintOnlyOnFailureTestExecutionListener@5e391e61, org.springframework.boot.test.autoconfigure.web.servlet.WebDriverTestExecutionListener@340e98, org.springframework.boot.test.mock.mockito.ResetMocksTestExecutionListener@4054318d]

  .   ____          _            __ _ _
 /\\ / ___'_ __ _ _(_)_ __  __ _ \ \ \ \
( ( )\___ | '_ | '_| | '_ \/ _` | \ \ \ \
 \\/  ___)| |_)| | | | | || (_| |  ) ) ) )
  '  |____| .__|_| |_|_| |_\__, | / / / /
 =========|_|==============|___/=/_/_/_/
 :: Spring Boot ::        (v2.2.0.RELEASE)

2022-01-05 18:17:40.976  INFO 39000 --- [    Test worker] c.m.c.s.i.CompensationServiceImplTest    : Starting CompensationServiceImplTest on PCGame with PID 39000 (started by Quan Do in C:\Users\Quan Do\Desktop\Minecraft Modding\mindex-java-code-challenge)
2022-01-05 18:17:40.976 DEBUG 39000 --- [    Test worker] c.m.c.s.i.CompensationServiceImplTest    : Running with Spring Boot v2.2.0.RELEASE, Spring v5.2.0.RELEASE
2022-01-05 18:17:40.976  INFO 39000 --- [    Test worker] c.m.c.s.i.CompensationServiceImplTest    : No active profile set, falling back to default profiles: default
2022-01-05 18:17:41.083  INFO 39000 --- [    Test worker] .s.d.r.c.RepositoryConfigurationDelegate : Bootstrapping Spring Data repositories in DEFAULT mode.
2022-01-05 18:17:41.088  INFO 39000 --- [    Test worker] .s.d.r.c.RepositoryConfigurationDelegate : Finished Spring Data repository scanning in 4ms. Found 2 repository interfaces.
2022-01-05 18:17:41.263  INFO 39000 --- [    Test worker] o.s.b.w.embedded.tomcat.TomcatWebServer  : Tomcat initialized with port(s): 0 (http)
2022-01-05 18:17:41.271  INFO 39000 --- [    Test worker] o.apache.catalina.core.StandardService   : Starting service [Tomcat]
2022-01-05 18:17:41.271  INFO 39000 --- [    Test worker] org.apache.catalina.core.StandardEngine  : Starting Servlet engine: [Apache Tomcat/9.0.27]
2022-01-05 18:17:41.336  INFO 39000 --- [    Test worker] o.a.c.c.C.[Tomcat].[localhost].[/]       : Initializing Spring embedded WebApplicationContext
2022-01-05 18:17:41.336  INFO 39000 --- [    Test worker] o.s.web.context.ContextLoader            : Root WebApplicationContext: initialization completed in 350 ms
2022-01-05 18:17:41.422  INFO 39000 --- [    Test worker] de.bwaldvogel.mongo.MongoServer          : started MongoServer(port: 56750, ssl: false)
2022-01-05 18:17:41.423  INFO 39000 --- [    Test worker] org.mongodb.driver.cluster               : Cluster created with settings {hosts=[127.0.0.1:56750], mode=SINGLE, requiredClusterType=UNKNOWN, serverSelectionTimeout='30000 ms', maxWaitQueueSize=500}
2022-01-05 18:17:41.425  INFO 39000 --- [-server-worker1] d.b.mongo.wire.MongoWireProtocolHandler  : client [id: 0xde2815e5, L:/127.0.0.1:56750 - R:/127.0.0.1:56751] connected
2022-01-05 18:17:41.427  INFO 39000 --- [127.0.0.1:56750] org.mongodb.driver.connection            : Opened connection [connectionId{localValue:3}] to 127.0.0.1:56750
2022-01-05 18:17:41.428  INFO 39000 --- [127.0.0.1:56750] org.mongodb.driver.cluster               : Monitor thread successfully connected to server with description ServerDescription{address=127.0.0.1:56750, type=STANDALONE, state=CONNECTED, ok=true, version=ServerVersion{versionList=[3, 0, 0]}, minWireVersion=0, maxWireVersion=2, maxDocumentSize=16777216, logicalSessionTimeoutMinutes=null, roundTripTimeNanos=514700}
2022-01-05 18:17:41.428  WARN 39000 --- [    Test worker] o.s.data.convert.CustomConversions       : Registering converter from class java.time.LocalDateTime to class java.time.Instant as reading converter although it doesn't convert from a store-supported type! You might wanna check you annotation setup at the converter implementation.
2022-01-05 18:17:41.428  WARN 39000 --- [    Test worker] o.s.data.convert.CustomConversions       : Registering converter from class java.time.Instant to class java.time.LocalDateTime as reading converter although it doesn't convert from a store-supported type! You might wanna check you annotation setup at the converter implementation.
2022-01-05 18:17:41.429  WARN 39000 --- [    Test worker] o.s.data.convert.CustomConversions       : Registering converter from class java.time.LocalDateTime to class java.time.Instant as reading converter although it doesn't convert from a store-supported type! You might wanna check you annotation setup at the converter implementation.
2022-01-05 18:17:41.429  WARN 39000 --- [    Test worker] o.s.data.convert.CustomConversions       : Registering converter from class java.time.Instant to class java.time.LocalDateTime as reading converter although it doesn't convert from a store-supported type! You might wanna check you annotation setup at the converter implementation.
2022-01-05 18:17:41.462  INFO 39000 --- [-server-worker2] d.b.mongo.wire.MongoWireProtocolHandler  : client [id: 0xa981ed60, L:/127.0.0.1:56750 - R:/127.0.0.1:56752] connected
2022-01-05 18:17:41.465  INFO 39000 --- [    Test worker] org.mongodb.driver.connection            : Opened connection [connectionId{localValue:4}] to 127.0.0.1:56750
2022-01-05 18:17:41.465  INFO 39000 --- [-server-worker2] d.b.mongo.backend.AbstractMongoBackend   : created database test
2022-01-05 18:17:41.465  INFO 39000 --- [-server-worker2] d.b.mongo.backend.AbstractMongoDatabase  : adding unique _id index for collection employee
2022-01-05 18:17:41.466  INFO 39000 --- [-server-worker2] d.b.mongo.backend.AbstractMongoDatabase  : created collection test.employee
2022-01-05 18:17:41.553  INFO 39000 --- [    Test worker] o.s.s.concurrent.ThreadPoolTaskExecutor  : Initializing ExecutorService 'applicationTaskExecutor'
2022-01-05 18:17:41.650  WARN 39000 --- [    Test worker] o.s.data.convert.CustomConversions       : Registering converter from class java.time.LocalDateTime to class java.time.Instant as reading converter although it doesn't convert from a store-supported type! You might wanna check you annotation setup at the converter implementation.
2022-01-05 18:17:41.650  WARN 39000 --- [    Test worker] o.s.data.convert.CustomConversions       : Registering converter from class java.time.Instant to class java.time.LocalDateTime as reading converter although it doesn't convert from a store-supported type! You might wanna check you annotation setup at the converter implementation.
2022-01-05 18:17:41.668  WARN 39000 --- [    Test worker] o.s.data.convert.CustomConversions       : Registering converter from class java.time.LocalDateTime to class java.time.Instant as reading converter although it doesn't convert from a store-supported type! You might wanna check you annotation setup at the converter implementation.
2022-01-05 18:17:41.668  WARN 39000 --- [    Test worker] o.s.data.convert.CustomConversions       : Registering converter from class java.time.Instant to class java.time.LocalDateTime as reading converter although it doesn't convert from a store-supported type! You might wanna check you annotation setup at the converter implementation.
2022-01-05 18:17:41.729  INFO 39000 --- [    Test worker] o.s.b.w.embedded.tomcat.TomcatWebServer  : Tomcat started on port(s): 56753 (http) with context path ''
2022-01-05 18:17:41.729  INFO 39000 --- [    Test worker] c.m.c.s.i.CompensationServiceImplTest    : Started CompensationServiceImplTest in 0.774 seconds (JVM running for 3.676)
2022-01-05 18:17:41.816  INFO 39000 --- [o-auto-1-exec-1] o.a.c.c.C.[Tomcat].[localhost].[/]       : Initializing Spring DispatcherServlet 'dispatcherServlet'
2022-01-05 18:17:41.816  INFO 39000 --- [o-auto-1-exec-1] o.s.web.servlet.DispatcherServlet        : Initializing Servlet 'dispatcherServlet'
2022-01-05 18:17:41.833  INFO 39000 --- [o-auto-1-exec-1] o.s.web.servlet.DispatcherServlet        : Completed initialization in 17 ms
2022-01-05 18:17:41.860 DEBUG 39000 --- [o-auto-1-exec-1] c.m.c.controller.EmployeeController      : Received employee create request for id [62c1084e-6e34-4630-93fd-9153afb65309]
2022-01-05 18:17:41.860 DEBUG 39000 --- [o-auto-1-exec-1] c.m.c.service.impl.EmployeeServiceImpl   : Creating employee with id [62c1084e-6e34-4630-93fd-9153afb65309]
2022-01-05 18:17:41.915 DEBUG 39000 --- [o-auto-1-exec-2] c.m.c.controller.CompensationController  : Received compensation create request for [com.mindex.challenge.data.Compensation@3ae5097e]
2022-01-05 18:17:41.915 DEBUG 39000 --- [o-auto-1-exec-2] c.m.c.s.impl.CompensationServiceImpl     : Creating compensation [com.mindex.challenge.data.Compensation@3ae5097e]
2022-01-05 18:17:41.920  INFO 39000 --- [-server-worker2] d.b.mongo.backend.AbstractMongoDatabase  : adding unique _id index for collection compensation
2022-01-05 18:17:41.921  INFO 39000 --- [-server-worker2] d.b.mongo.backend.AbstractMongoDatabase  : created collection test.compensation
2022-01-05 18:17:41.925 DEBUG 39000 --- [o-auto-1-exec-3] c.m.c.controller.CompensationController  : Received compensation create request for id [62c1084e-6e34-4630-93fd-9153afb65309]
2022-01-05 18:17:41.926 DEBUG 39000 --- [o-auto-1-exec-3] c.m.c.s.impl.CompensationServiceImpl     : Creating compensation with id [62c1084e-6e34-4630-93fd-9153afb65309]
]]></system-out>
  <system-err><![CDATA[]]></system-err>
</testsuite>
