<?xml version="1.0" encoding="UTF-8"?>
<testsuite name="com.mindex.challenge.service.impl.EmployeeServiceImplTest" tests="1" skipped="0" failures="0" errors="0" timestamp="2022-01-05T18:52:55" hostname="PCGAME" time="0.029">
  <properties/>
  <testcase name="testCreateReadUpdate" classname="com.mindex.challenge.service.impl.EmployeeServiceImplTest" time="0.029"/>
  <system-out><![CDATA[2022-01-05 13:52:55.631  INFO 20880 --- [    Test worker] .b.t.c.SpringBootTestContextBootstrapper : Neither @ContextConfiguration nor @ContextHierarchy found for test class [com.mindex.challenge.service.impl.EmployeeServiceImplTest], using SpringBootContextLoader
2022-01-05 13:52:55.631  INFO 20880 --- [    Test worker] o.s.t.c.support.AbstractContextLoader    : Could not detect default resource locations for test class [com.mindex.challenge.service.impl.EmployeeServiceImplTest]: no resource found for suffixes {-context.xml, Context.groovy}.
2022-01-05 13:52:55.631  INFO 20880 --- [    Test worker] t.c.s.AnnotationConfigContextLoaderUtils : Could not detect default configuration classes for test class [com.mindex.challenge.service.impl.EmployeeServiceImplTest]: EmployeeServiceImplTest does not declare any static, non-private, non-final, nested classes annotated with @Configuration.
2022-01-05 13:52:55.633  INFO 20880 --- [    Test worker] .b.t.c.SpringBootTestContextBootstrapper : Found @SpringBootConfiguration com.mindex.challenge.ChallengeApplication for test class com.mindex.challenge.service.impl.EmployeeServiceImplTest
2022-01-05 13:52:55.634  INFO 20880 --- [    Test worker] .b.t.c.SpringBootTestContextBootstrapper : Loaded default TestExecutionListener class names from location [META-INF/spring.factories]: [org.springframework.boot.test.autoconfigure.restdocs.RestDocsTestExecutionListener, org.springframework.boot.test.autoconfigure.web.client.MockRestServiceServerResetTestExecutionListener, org.springframework.boot.test.autoconfigure.web.servlet.MockMvcPrintOnlyOnFailureTestExecutionListener, org.springframework.boot.test.autoconfigure.web.servlet.WebDriverTestExecutionListener, org.springframework.boot.test.mock.mockito.MockitoTestExecutionListener, org.springframework.boot.test.mock.mockito.ResetMocksTestExecutionListener, org.springframework.test.context.web.ServletTestExecutionListener, org.springframework.test.context.support.DirtiesContextBeforeModesTestExecutionListener, org.springframework.test.context.support.DependencyInjectionTestExecutionListener, org.springframework.test.context.support.DirtiesContextTestExecutionListener, org.springframework.test.context.transaction.TransactionalTestExecutionListener, org.springframework.test.context.jdbc.SqlScriptsTestExecutionListener, org.springframework.test.context.event.EventPublishingTestExecutionListener]
2022-01-05 13:52:55.634  INFO 20880 --- [    Test worker] .b.t.c.SpringBootTestContextBootstrapper : Using TestExecutionListeners: [org.springframework.test.context.web.ServletTestExecutionListener@7c5dcd58, org.springframework.test.context.support.DirtiesContextBeforeModesTestExecutionListener@6031fcd2, org.springframework.boot.test.mock.mockito.MockitoTestExecutionListener@79f08906, org.springframework.boot.test.autoconfigure.SpringBootDependencyInjectionTestExecutionListener@18ba0078, org.springframework.test.context.support.DirtiesContextTestExecutionListener@a9f293a, org.springframework.test.context.transaction.TransactionalTestExecutionListener@652783d7, org.springframework.test.context.jdbc.SqlScriptsTestExecutionListener@18e29ecc, org.springframework.test.context.event.EventPublishingTestExecutionListener@5013f468, org.springframework.boot.test.autoconfigure.restdocs.RestDocsTestExecutionListener@23b6c1a9, org.springframework.boot.test.autoconfigure.web.client.MockRestServiceServerResetTestExecutionListener@7a56d733, org.springframework.boot.test.autoconfigure.web.servlet.MockMvcPrintOnlyOnFailureTestExecutionListener@76ce324b, org.springframework.boot.test.autoconfigure.web.servlet.WebDriverTestExecutionListener@3931284e, org.springframework.boot.test.mock.mockito.ResetMocksTestExecutionListener@2c9f0d48]
2022-01-05 13:52:55.653 DEBUG 20880 --- [o-auto-1-exec-5] c.m.c.controller.EmployeeController      : Received employee create request for [com.mindex.challenge.data.Employee@7907e4cf]
2022-01-05 13:52:55.653 DEBUG 20880 --- [o-auto-1-exec-5] c.m.c.service.impl.EmployeeServiceImpl   : Creating employee [com.mindex.challenge.data.Employee@7907e4cf]
2022-01-05 13:52:55.657 DEBUG 20880 --- [o-auto-1-exec-4] c.m.c.controller.EmployeeController      : Received employee create request for id [d71b97ee-ac19-4805-99f0-773f29392a40]
2022-01-05 13:52:55.657 DEBUG 20880 --- [o-auto-1-exec-4] c.m.c.service.impl.EmployeeServiceImpl   : Creating employee with id [d71b97ee-ac19-4805-99f0-773f29392a40]
2022-01-05 13:52:55.661 DEBUG 20880 --- [o-auto-1-exec-6] c.m.c.controller.EmployeeController      : Received employee create request for id [d71b97ee-ac19-4805-99f0-773f29392a40] and employee [com.mindex.challenge.data.Employee@51dfd793]
2022-01-05 13:52:55.661 DEBUG 20880 --- [o-auto-1-exec-6] c.m.c.service.impl.EmployeeServiceImpl   : Updating employee [com.mindex.challenge.data.Employee@51dfd793]
]]></system-out>
  <system-err><![CDATA[]]></system-err>
</testsuite>
